<?xml version="1.0" encoding="UTF-8"?>
<!-- Generated by org.testng.reporters.JUnitReportReporter -->
<testsuite hostname="CAB-WSN-0050447" failures="0" tests="2" name="ru.sbrf.statisticsTest.StatisticsTest" time="21.789" errors="0" timestamp="2024-01-05T16:29:57 MSK" skipped="0">
  <testcase classname="ru.sbrf.statisticsTest.StatisticsTest" name="sortMapReportTest" time="14.177"/>
  <testcase classname="ru.sbrf.statisticsTest.StatisticsTest" name="mapReportTest" time="7.612"/>
</testsuite> <!-- ru.sbrf.statisticsTest.StatisticsTest -->
